{
  "RSpec": {
    "coverage": {
      "/Users/nguyencanh/workspace/pharmacy/pharmacy-charity/spec/services/user_services/register_user_service_spec.rb": {
        "lines": [
          1,
          1,
          1,
          6,
          6,
          1,
          null,
          3,
          null,
          null,
          null,
          null,
          null,
          null,
          null,
          null,
          1,
          null,
          1,
          null,
          null,
          null,
          null,
          null,
          1,
          null,
          1,
          null,
          null,
          null,
          null,
          null,
          null,
          1,
          4,
          2,
          2,
          2,
          null,
          null,
          1,
          2,
          2,
          null,
          1,
          2,
          null,
          null,
          1,
          2,
          null,
          null,
          null,
          null,
          null
        ]
      },
      "/Users/nguyencanh/workspace/pharmacy/pharmacy-charity/spec/rails_helper.rb": {
        "lines": [
          null,
          1,
          1,
          1,
          null,
          1,
          1,
          1,
          1,
          null,
          6,
          null,
          null,
          null,
          null,
          null,
          null,
          null,
          null,
          null,
          null,
          null,
          null,
          null,
          null,
          null,
          null,
          null,
          null,
          null,
          null,
          1,
          null,
          0,
          0,
          null,
          1,
          null,
          1,
          null,
          null,
          null,
          null,
          1,
          null,
          null,
          null,
          null,
          null,
          null,
          null,
          null,
          null,
          null,
          null,
          null,
          null,
          null,
          null,
          null,
          null,
          1,
          null,
          null,
          1,
          null,
          null,
          null
        ]
      },
      "/Users/nguyencanh/workspace/pharmacy/pharmacy-charity/config/environment.rb": {
        "lines": [
          null,
          1,
          null,
          null,
          1
        ]
      },
      "/Users/nguyencanh/workspace/pharmacy/pharmacy-charity/config/application.rb": {
        "lines": [
          1,
          null,
          1,
          null,
          1,
          1,
          1,
          1,
          1,
          1,
          1,
          1,
          1,
          1,
          1,
          1,
          null,
          null,
          null,
          1,
          null,
          1,
          1,
          null,
          1,
          null,
          null,
          null,
          null,
          null,
          null,
          null,
          null,
          null,
          1,
          null,
          null
        ]
      },
      "/Users/nguyencanh/workspace/pharmacy/pharmacy-charity/config/boot.rb": {
        "lines": [
          1,
          null,
          1,
          1
        ]
      },
      "/Users/nguyencanh/workspace/pharmacy/pharmacy-charity/config/spring.rb": {
        "lines": [
          1,
          null,
          null,
          null,
          null,
          null
        ]
      },
      "/Users/nguyencanh/workspace/pharmacy/pharmacy-charity/config/environments/test.rb": {
        "lines": [
          null,
          null,
          null,
          null,
          null,
          1,
          null,
          null,
          1,
          1,
          null,
          null,
          null,
          null,
          1,
          null,
          null,
          1,
          1,
          null,
          null,
          null,
          null,
          1,
          1,
          1,
          null,
          null,
          1,
          null,
          null,
          1,
          null,
          null,
          1,
          null,
          1,
          null,
          null,
          null,
          null,
          1,
          null,
          null,
          1,
          null,
          null,
          null,
          null
        ]
      },
      "/Users/nguyencanh/workspace/pharmacy/pharmacy-charity/config/initializers/application_controller_renderer.rb": {
        "lines": [
          null,
          null,
          null,
          null,
          null,
          null,
          null,
          null
        ]
      },
      "/Users/nguyencanh/workspace/pharmacy/pharmacy-charity/config/initializers/backtrace_silencers.rb": {
        "lines": [
          null,
          null,
          null,
          null,
          null,
          null,
          null
        ]
      },
      "/Users/nguyencanh/workspace/pharmacy/pharmacy-charity/config/initializers/cors.rb": {
        "lines": [
          1,
          1,
          1,
          1,
          null,
          null,
          null,
          1,
          null,
          null,
          null,
          null,
          null
        ]
      },
      "/Users/nguyencanh/workspace/pharmacy/pharmacy-charity/config/initializers/devise.rb": {
        "lines": [
          null,
          null,
          null,
          null,
          null,
          null,
          null,
          null,
          null,
          null,
          1,
          null,
          null,
          null,
          null,
          null,
          null,
          null,
          null,
          null,
          null,
          null,
          null,
          null,
          null,
          null,
          1,
          null,
          null,
          null,
          null,
          null,
          null,
          null,
          null,
          null,
          null,
          null,
          1,
          null,
          null,
          null,
          null,
          null,
          null,
          null,
          null,
          null,
          null,
          null,
          null,
          null,
          null,
          null,
          null,
          null,
          null,
          null,
          null,
          null,
          1,
          null,
          null,
          null,
          null,
          1,
          null,
          null,
          null,
          null,
          null,
          null,
          null,
          null,
          null,
          null,
          null,
          null,
          null,
          null,
          null,
          null,
          null,
          null,
          null,
          null,
          null,
          null,
          null,
          null,
          null,
          null,
          null,
          null,
          null,
          null,
          null,
          null,
          null,
          1,
          null,
          null,
          null,
          null,
          null,
          null,
          null,
          null,
          null,
          null,
          null,
          null,
          null,
          null,
          null,
          null,
          null,
          null,
          null,
          null,
          null,
          null,
          null,
          null,
          null,
          1,
          null,
          null,
          null,
          null,
          null,
          null,
          null,
          null,
          null,
          null,
          null,
          null,
          null,
          null,
          null,
          null,
          null,
          null,
          null,
          null,
          null,
          null,
          null,
          null,
          null,
          null,
          null,
          null,
          null,
          null,
          null,
          null,
          null,
          1,
          null,
          null,
          null,
          null,
          null,
          null,
          null,
          null,
          null,
          1,
          null,
          null,
          null,
          null,
          null,
          null,
          null,
          null,
          null,
          null,
          1,
          null,
          null,
          null,
          null,
          1,
          null,
          null,
          null,
          null,
          null,
          null,
          null,
          null,
          null,
          null,
          null,
          null,
          null,
          null,
          null,
          null,
          null,
          null,
          null,
          null,
          null,
          null,
          null,
          null,
          null,
          null,
          null,
          null,
          null,
          null,
          null,
          null,
          null,
          null,
          null,
          null,
          null,
          null,
          null,
          null,
          1,
          null,
          null,
          null,
          null,
          null,
          null,
          null,
          null,
          null,
          null,
          null,
          null,
          null,
          null,
          null,
          null,
          null,
          null,
          null,
          null,
          null,
          null,
          null,
          null,
          null,
          null,
          null,
          null,
          null,
          null,
          null,
          null,
          null,
          null,
          null,
          null,
          null,
          null,
          null,
          null,
          null,
          1,
          null,
          null,
          null,
          null,
          null,
          null,
          null,
          null,
          null,
          null,
          null,
          null,
          null,
          null,
          null,
          null,
          null,
          null,
          null,
          null,
          null,
          null,
          null,
          null,
          null,
          null,
          null,
          null,
          null,
          null,
          null,
          null,
          null,
          null,
          null,
          null,
          null,
          null,
          null,
          null,
          null,
          null
        ]
      },
      "/Users/nguyencanh/workspace/pharmacy/pharmacy-charity/config/initializers/filter_parameter_logging.rb": {
        "lines": [
          null,
          null,
          null,
          1
        ]
      },
      "/Users/nguyencanh/workspace/pharmacy/pharmacy-charity/config/initializers/inflections.rb": {
        "lines": [
          null,
          null,
          null,
          null,
          null,
          null,
          null,
          null,
          null,
          null,
          null,
          null,
          null,
          null,
          null,
          null
        ]
      },
      "/Users/nguyencanh/workspace/pharmacy/pharmacy-charity/config/initializers/mime_types.rb": {
        "lines": [
          null,
          null,
          null,
          null
        ]
      },
      "/Users/nguyencanh/workspace/pharmacy/pharmacy-charity/config/initializers/wrap_parameters.rb": {
        "lines": [
          null,
          null,
          null,
          null,
          null,
          null,
          1,
          1,
          null,
          null,
          null,
          null,
          null,
          null
        ]
      },
      "/Users/nguyencanh/workspace/pharmacy/pharmacy-charity/spec/factories/article_groups.rb": {
        "lines": [
          1,
          1,
          null,
          null,
          null
        ]
      },
      "/Users/nguyencanh/workspace/pharmacy/pharmacy-charity/spec/factories/articles.rb": {
        "lines": [
          1,
          1,
          null,
          null,
          null
        ]
      },
      "/Users/nguyencanh/workspace/pharmacy/pharmacy-charity/spec/factories/cities.rb": {
        "lines": [
          1,
          1,
          1,
          6,
          null,
          null
        ]
      },
      "/Users/nguyencanh/workspace/pharmacy/pharmacy-charity/spec/factories/clinics.rb": {
        "lines": [
          1,
          1,
          null,
          null,
          null
        ]
      },
      "/Users/nguyencanh/workspace/pharmacy/pharmacy-charity/spec/factories/districts.rb": {
        "lines": [
          1,
          1,
          1,
          1,
          null,
          null
        ]
      },
      "/Users/nguyencanh/workspace/pharmacy/pharmacy-charity/spec/factories/individuals.rb": {
        "lines": [
          1,
          1,
          1,
          1,
          1,
          1,
          1,
          1,
          null,
          null
        ]
      },
      "/Users/nguyencanh/workspace/pharmacy/pharmacy-charity/spec/factories/ingredients.rb": {
        "lines": [
          1,
          1,
          1,
          1,
          1,
          1,
          null,
          null
        ]
      },
      "/Users/nguyencanh/workspace/pharmacy/pharmacy-charity/spec/factories/medicines.rb": {
        "lines": [
          1,
          1,
          null,
          null,
          null
        ]
      },
      "/Users/nguyencanh/workspace/pharmacy/pharmacy-charity/spec/factories/nationals.rb": {
        "lines": [
          1,
          1,
          6,
          null,
          null
        ]
      },
      "/Users/nguyencanh/workspace/pharmacy/pharmacy-charity/spec/factories/organization_officers.rb": {
        "lines": [
          1,
          1,
          null,
          null,
          null
        ]
      },
      "/Users/nguyencanh/workspace/pharmacy/pharmacy-charity/spec/factories/organizations.rb": {
        "lines": [
          1,
          1,
          null,
          null,
          null
        ]
      },
      "/Users/nguyencanh/workspace/pharmacy/pharmacy-charity/spec/factories/user_roles.rb": {
        "lines": [
          1,
          1,
          null,
          null,
          null
        ]
      },
      "/Users/nguyencanh/workspace/pharmacy/pharmacy-charity/spec/factories/users.rb": {
        "lines": [
          1,
          1,
          1,
          null,
          null,
          null
        ]
      },
      "/Users/nguyencanh/workspace/pharmacy/pharmacy-charity/config/routes.rb": {
        "lines": [
          1,
          1,
          null,
          1,
          1,
          1,
          1,
          null,
          null,
          null,
          null
        ]
      },
      "/Users/nguyencanh/workspace/pharmacy/pharmacy-charity/app/models/user.rb": {
        "lines": [
          1,
          null,
          null,
          1,
          null,
          null,
          1,
          null,
          1,
          null
        ]
      },
      "/Users/nguyencanh/workspace/pharmacy/pharmacy-charity/app/models/application_record.rb": {
        "lines": [
          1,
          1,
          null
        ]
      },
      "/Users/nguyencanh/workspace/pharmacy/pharmacy-charity/spec/support/api_schema_matcher.rb": {
        "lines": [
          1,
          0,
          0,
          0,
          0,
          null,
          null
        ]
      },
      "/Users/nguyencanh/workspace/pharmacy/pharmacy-charity/spec/support/factory_bot.rb": {
        "lines": [
          1,
          1,
          null
        ]
      },
      "/Users/nguyencanh/workspace/pharmacy/pharmacy-charity/spec/support/auth_helper.rb": {
        "lines": [
          1,
          1,
          null,
          0,
          null,
          null,
          null,
          0,
          null,
          null,
          null,
          1,
          1,
          null
        ]
      },
      "/Users/nguyencanh/workspace/pharmacy/pharmacy-charity/spec/support/shoulda_matchers.rb": {
        "lines": [
          1,
          1,
          1,
          1,
          1,
          null,
          null
        ]
      },
      "/Users/nguyencanh/workspace/pharmacy/pharmacy-charity/spec/support/database_cleaner.rb": {
        "lines": [
          1,
          null,
          1,
          null,
          null,
          null,
          null,
          null,
          null,
          null,
          null,
          null,
          1,
          1,
          1,
          null,
          null,
          1,
          5,
          null,
          null,
          1,
          5,
          null,
          null
        ]
      },
      "/Users/nguyencanh/workspace/pharmacy/pharmacy-charity/app/services/user_services/register_user_service.rb": {
        "lines": [
          1,
          null,
          1,
          null,
          1,
          5,
          4,
          null,
          4,
          null,
          4,
          4,
          4,
          4,
          3,
          null,
          3,
          null,
          3,
          null,
          null,
          null,
          null,
          null
        ]
      },
      "/Users/nguyencanh/workspace/pharmacy/pharmacy-charity/app/models/national.rb": {
        "lines": [
          1,
          1,
          1,
          null
        ]
      },
      "/Users/nguyencanh/workspace/pharmacy/pharmacy-charity/app/models/city.rb": {
        "lines": [
          1,
          1,
          null,
          1,
          1,
          null
        ]
      },
      "/Users/nguyencanh/workspace/pharmacy/pharmacy-charity/app/forms/entities/individual_forms/new_individual.rb": {
        "lines": [
          1,
          1,
          1,
          1,
          1,
          1,
          1,
          null,
          null,
          null
        ]
      },
      "/Users/nguyencanh/workspace/pharmacy/pharmacy-charity/app/forms/types.rb": {
        "lines": [
          1,
          1,
          null
        ]
      },
      "/Users/nguyencanh/workspace/pharmacy/pharmacy-charity/app/models/validations/individual/new_individual.rb": {
        "lines": [
          1,
          1,
          1,
          1,
          1,
          1,
          1,
          1,
          null,
          null,
          1,
          4,
          0,
          null,
          null,
          null,
          null,
          null,
          null
        ]
      },
      "/Users/nguyencanh/workspace/pharmacy/pharmacy-charity/app/models/individual.rb": {
        "lines": [
          1,
          1,
          1,
          1,
          null
        ]
      },
      "/Users/nguyencanh/workspace/pharmacy/pharmacy-charity/app/forms/user_forms/new_user.rb": {
        "lines": [
          1,
          1,
          1,
          1,
          1,
          1,
          1,
          null,
          null
        ]
      },
      "/Users/nguyencanh/workspace/pharmacy/pharmacy-charity/app/models/validations/user/new_user.rb": {
        "lines": [
          1,
          1,
          1,
          1,
          1,
          1,
          1,
          1,
          1,
          null,
          null,
          1,
          3,
          0,
          null,
          null,
          null,
          null,
          null,
          null
        ]
      }
    },
    "timestamp": 1640709627
  }
}
